<?xml version="1.0" encoding="utf-8"?><testsuites name="pytest tests"><testsuite name="pytest" errors="0" failures="0" skipped="0" tests="13" time="3.500" timestamp="2026-02-19T18:07:24.394917+00:00" hostname="agent-env-73548961-e947-4933-a029-a835d937d712"><testcase classname="test_reports.pytest.test_iteration9.TestAuthentication" name="test_login" time="0.227" /><testcase classname="test_reports.pytest.test_iteration9.TestMarketplaceDeleteAPI" name="test_create_listing_for_deletion" time="0.275" /><testcase classname="test_reports.pytest.test_iteration9.TestMarketplaceDeleteAPI" name="test_owner_can_delete_own_listing" time="0.415" /><testcase classname="test_reports.pytest.test_iteration9.TestMarketplaceDeleteAPI" name="test_delete_nonexistent_listing_returns_404" time="0.232" /><testcase classname="test_reports.pytest.test_iteration9.TestMarketplaceDeleteAPI" name="test_non_owner_cannot_delete_listing" time="0.342" /><testcase classname="test_reports.pytest.test_iteration9.TestCollectionAPI" name="test_get_collection" time="0.317" /><testcase classname="test_reports.pytest.test_iteration9.TestCollectionAPI" name="test_collection_items_have_rarity" time="0.258" /><testcase classname="test_reports.pytest.test_iteration9.TestCollectionAPI" name="test_collection_items_have_condition" time="0.217" /><testcase classname="test_reports.pytest.test_iteration9.TestLiveKitTokenAPI" name="test_generate_livekit_token" time="0.183" /><testcase classname="test_reports.pytest.test_iteration9.TestLiveKitTokenAPI" name="test_token_requires_room_name" time="0.185" /><testcase classname="test_reports.pytest.test_iteration9.TestLiveKitTokenAPI" name="test_token_requires_authentication" time="0.012" /><testcase classname="test_reports.pytest.test_iteration9.TestDeckAnalyticsEndpoint" name="test_get_decks_list" time="0.283" /><testcase classname="test_reports.pytest.test_iteration9.TestDeckAnalyticsEndpoint" name="test_community_decks_endpoint" time="0.288" /></testsuite></testsuites>