<?xml version="1.0" encoding="utf-8"?><testsuites name="pytest tests"><testsuite name="pytest" errors="0" failures="1" skipped="0" tests="13" time="6.486" timestamp="2026-02-21T16:32:26.790818+00:00" hostname="agent-env-671de8f8-24a1-45d7-ae50-07f2e8c93065"><testcase classname="test_reports.pytest.test_iteration12.TestMobileAppLogin" name="test_login_returns_token" time="0.534" /><testcase classname="test_reports.pytest.test_iteration12.TestMobileAppLogin" name="test_login_invalid_credentials" time="0.267" /><testcase classname="test_reports.pytest.test_iteration12.TestBearerTokenAuth" name="test_collection_with_bearer_token" time="0.692" /><testcase classname="test_reports.pytest.test_iteration12.TestBearerTokenAuth" name="test_collection_without_auth" time="0.176" /><testcase classname="test_reports.pytest.test_iteration12.TestBearerTokenAuth" name="test_marketplace_with_bearer_token" time="0.495" /><testcase classname="test_reports.pytest.test_iteration12.TestBearerTokenAuth" name="test_auth_me_with_bearer_token" time="0.501"><failure message="AssertionError: Auth/me failed: {&quot;error&quot;:&quot;Not authenticated&quot;}&#10;assert 401 == 200&#10; +  where 401 = &lt;Response [401]&gt;.status_code">test_reports/pytest/test_iteration12.py:106: in test_auth_me_with_bearer_token
    assert response.status_code == 200, f"Auth/me failed: {response.text}"
E   AssertionError: Auth/me failed: {"error":"Not authenticated"}
E   assert 401 == 200
E    +  where 401 = &lt;Response [401]&gt;.status_code</failure></testcase><testcase classname="test_reports.pytest.test_iteration12.TestCollectionData" name="test_pokemon_card_has_image_field" time="0.481" /><testcase classname="test_reports.pytest.test_iteration12.TestCollectionData" name="test_mtg_card_has_image_uris" time="0.584" /><testcase classname="test_reports.pytest.test_iteration12.TestMarketplaceData" name="test_marketplace_listing_has_card_data" time="0.481" /><testcase classname="test_reports.pytest.test_iteration12.TestFeedAPI" name="test_feed_endpoint" time="0.479" /><testcase classname="test_reports.pytest.test_iteration12.TestGameFiltering" name="test_collection_filter_pokemon" time="0.506" /><testcase classname="test_reports.pytest.test_iteration12.TestGameFiltering" name="test_collection_filter_mtg" time="0.570" /><testcase classname="test_reports.pytest.test_iteration12.TestGameFiltering" name="test_marketplace_filter_pokemon" time="0.485" /></testsuite></testsuites>