<?xml version="1.0" encoding="utf-8"?><testsuites name="pytest tests"><testsuite name="pytest" errors="0" failures="0" skipped="0" tests="14" time="1.540" timestamp="2026-02-17T13:29:45.644786+00:00" hostname="agent-env-74732f8c-89d7-4080-a51b-6e0c2dcab93a"><testcase classname="test_reports.pytest.test_iteration3.TestMTGProxyEndpoint" name="test_mtg_search_by_query" time="0.104" /><testcase classname="test_reports.pytest.test_iteration3.TestMTGProxyEndpoint" name="test_mtg_search_by_set_and_number" time="0.121" /><testcase classname="test_reports.pytest.test_iteration3.TestMTGProxyEndpoint" name="test_mtg_search_by_scryfall_id" time="0.031" /><testcase classname="test_reports.pytest.test_iteration3.TestMTGProxyEndpoint" name="test_mtg_search_empty_query_returns_error" time="0.006" /><testcase classname="test_reports.pytest.test_iteration3.TestCSVImportPreview" name="test_csv_preview_parses_manabox_format" time="0.249" /><testcase classname="test_reports.pytest.test_iteration3.TestCSVImportPreview" name="test_csv_preview_returns_total_counts" time="0.045" /><testcase classname="test_reports.pytest.test_iteration3.TestCSVImportPreview" name="test_csv_preview_without_auth_fails" time="0.009" /><testcase classname="test_reports.pytest.test_iteration3.TestCSVImportActual" name="test_csv_import_creates_cards_with_data" time="0.266" /><testcase classname="test_reports.pytest.test_iteration3.TestCSVImportActual" name="test_imported_card_has_scryfall_data" time="0.187" /><testcase classname="test_reports.pytest.test_iteration3.TestCSVImportActual" name="test_csv_import_invalid_action_fails" time="0.038" /><testcase classname="test_reports.pytest.test_iteration3.TestCollectionPage" name="test_collection_endpoint_returns_items" time="0.097" /><testcase classname="test_reports.pytest.test_iteration3.TestCollectionPage" name="test_collection_filter_by_game" time="0.071" /><testcase classname="test_reports.pytest.test_iteration3.TestFriendsEndpoint" name="test_friends_list_works" time="0.099" /><testcase classname="test_reports.pytest.test_iteration3.TestMarketplaceEndpoint" name="test_marketplace_list_works" time="0.076" /></testsuite></testsuites>