<?xml version="1.0" encoding="utf-8"?><testsuites name="pytest tests"><testsuite name="pytest" errors="0" failures="0" skipped="0" tests="16" time="4.098" timestamp="2026-02-17T19:45:10.969792+00:00" hostname="agent-env-4700c588-9ed0-4ff9-8593-08498d33d4d8"><testcase classname="test_reports.pytest.test_iteration7.TestAuthentication" name="test_login" time="0.320" /><testcase classname="test_reports.pytest.test_iteration7.TestBulkListAPI" name="test_bulk_list_endpoint_exists" time="0.232" /><testcase classname="test_reports.pytest.test_iteration7.TestBulkListAPI" name="test_bulk_list_requires_valid_listings" time="0.267" /><testcase classname="test_reports.pytest.test_iteration7.TestCSVImportAPI" name="test_csv_import_preview_mtg" time="0.237" /><testcase classname="test_reports.pytest.test_iteration7.TestCSVImportAPI" name="test_csv_import_preview_pokemon" time="0.185" /><testcase classname="test_reports.pytest.test_iteration7.TestTradesAPI" name="test_trades_list_endpoint" time="0.258" /><testcase classname="test_reports.pytest.test_iteration7.TestProfileAPI" name="test_profile_stats_endpoint" time="0.341" /><testcase classname="test_reports.pytest.test_iteration7.TestProfileAPI" name="test_auth_me_returns_created_at" time="0.225" /><testcase classname="test_reports.pytest.test_iteration7.TestProfileAPI" name="test_collection_endpoint" time="0.333" /><testcase classname="test_reports.pytest.test_iteration7.TestProfileAPI" name="test_my_listings_endpoint" time="0.249" /><testcase classname="test_reports.pytest.test_iteration7.TestShopAPI" name="test_shop_endpoint" time="0.066" /><testcase classname="test_reports.pytest.test_iteration7.TestFeedAPI" name="test_feed_endpoint" time="0.265" /><testcase classname="test_reports.pytest.test_iteration7.TestFeedAPI" name="test_post_reactions_endpoint" time="0.374" /><testcase classname="test_reports.pytest.test_iteration7.TestMessagesAPI" name="test_conversations_endpoint" time="0.257" /><testcase classname="test_reports.pytest.test_iteration7.TestDecksAPI" name="test_my_decks_endpoint" time="0.253" /><testcase classname="test_reports.pytest.test_iteration7.TestDecksAPI" name="test_community_decks_endpoint" time="0.178" /></testsuite></testsuites>