<?xml version="1.0" encoding="utf-8"?><testsuites name="pytest tests"><testsuite name="pytest" errors="0" failures="0" skipped="0" tests="10" time="4.666" timestamp="2026-02-22T12:04:33.585961+00:00" hostname="agent-env-b1db3633-b73b-479e-928a-c6d72027d30e"><testcase classname="test_reports.pytest.test_iteration18.TestAuth" name="test_login_success" time="0.209" /><testcase classname="test_reports.pytest.test_iteration18.TestMessagesAPI" name="test_get_conversations" time="0.277" /><testcase classname="test_reports.pytest.test_iteration18.TestMessagesAPI" name="test_get_messages_in_conversation" time="0.412" /><testcase classname="test_reports.pytest.test_iteration18.TestMessagesAPI" name="test_send_message" time="0.447" /><testcase classname="test_reports.pytest.test_iteration18.TestBadgeAPIs" name="test_get_user_badges" time="0.340" /><testcase classname="test_reports.pytest.test_iteration18.TestBadgeAPIs" name="test_get_all_badge_definitions" time="0.154" /><testcase classname="test_reports.pytest.test_iteration18.TestBadgeAPIs" name="test_auto_award_badges" time="0.334" /><testcase classname="test_reports.pytest.test_iteration18.TestFeedBadgeShowcase" name="test_public_feed_has_badge_count" time="0.310" /><testcase classname="test_reports.pytest.test_iteration18.TestUserSearch" name="test_search_users" time="0.213" /><testcase classname="test_reports.pytest.test_iteration18.TestProfileAPI" name="test_profile_page_loads" time="1.901" /></testsuite></testsuites>