<?xml version="1.0" encoding="utf-8"?><testsuites name="pytest tests"><testsuite name="pytest" errors="0" failures="0" skipped="0" tests="17" time="3.667" timestamp="2026-02-16T18:29:24.858863+00:00" hostname="agent-env-791e19c3-96bf-4223-9332-017663741a15"><testcase classname="test_reports.pytest.test_backend_apis.TestHealthCheck" name="test_health_endpoint" time="0.003" /><testcase classname="test_reports.pytest.test_backend_apis.TestAuthentication" name="test_signup_new_user" time="0.304" /><testcase classname="test_reports.pytest.test_backend_apis.TestAuthentication" name="test_login_user" time="0.172" /><testcase classname="test_reports.pytest.test_backend_apis.TestAuthentication" name="test_get_current_user" time="0.227" /><testcase classname="test_reports.pytest.test_backend_apis.TestAuthentication" name="test_login_invalid_credentials" time="0.056" /><testcase classname="test_reports.pytest.test_backend_apis.TestDecksAPI" name="test_get_decks_list" time="0.259" /><testcase classname="test_reports.pytest.test_backend_apis.TestDecksAPI" name="test_create_deck" time="0.334" /><testcase classname="test_reports.pytest.test_backend_apis.TestDecksAPI" name="test_create_deck_missing_fields" time="0.224" /><testcase classname="test_reports.pytest.test_backend_apis.TestTradesAPI" name="test_get_trades_list" time="0.245" /><testcase classname="test_reports.pytest.test_backend_apis.TestTradesAPI" name="test_create_trade_missing_recipient" time="0.221" /><testcase classname="test_reports.pytest.test_backend_apis.TestCallsAPI" name="test_get_signals_authenticated" time="0.217" /><testcase classname="test_reports.pytest.test_backend_apis.TestCallsAPI" name="test_get_signals_unauthenticated" time="0.192" /><testcase classname="test_reports.pytest.test_backend_apis.TestCallsAPI" name="test_post_signal" time="0.218" /><testcase classname="test_reports.pytest.test_backend_apis.TestCallsAPI" name="test_post_signal_missing_fields" time="0.219" /><testcase classname="test_reports.pytest.test_backend_apis.TestCallsAPI" name="test_delete_call_signals" time="0.218" /><testcase classname="test_reports.pytest.test_backend_apis.TestCollectionAPI" name="test_get_collection" time="0.245" /><testcase classname="test_reports.pytest.test_backend_apis.TestMessagesAPI" name="test_get_conversations" time="0.258" /></testsuite></testsuites>