<?xml version="1.0" encoding="utf-8"?><testsuites name="pytest tests"><testsuite name="pytest" errors="0" failures="0" skipped="0" tests="23" time="9.375" timestamp="2026-02-19T20:05:00.559905+00:00" hostname="agent-env-0692a119-bd6c-4c75-8278-f8e0bbe23876"><testcase classname="test_reports.pytest.test_iteration11.TestAuthentication" name="test_login" time="0.633" /><testcase classname="test_reports.pytest.test_iteration11.TestSealedProductsCRUD" name="test_create_pokemon_sealed_product" time="0.518" /><testcase classname="test_reports.pytest.test_iteration11.TestSealedProductsCRUD" name="test_create_mtg_sealed_product" time="0.152" /><testcase classname="test_reports.pytest.test_iteration11.TestSealedProductsCRUD" name="test_get_all_sealed_products" time="0.199" /><testcase classname="test_reports.pytest.test_iteration11.TestSealedProductsCRUD" name="test_get_sealed_products_by_game_mtg" time="0.200" /><testcase classname="test_reports.pytest.test_iteration11.TestSealedProductsCRUD" name="test_get_sealed_products_by_game_pokemon" time="0.185" /><testcase classname="test_reports.pytest.test_iteration11.TestSealedProductsCRUD" name="test_get_single_sealed_product" time="0.211" /><testcase classname="test_reports.pytest.test_iteration11.TestSealedProductsCRUD" name="test_update_sealed_product" time="0.331" /><testcase classname="test_reports.pytest.test_iteration11.TestSealedProductsCRUD" name="test_delete_sealed_product" time="0.413" /><testcase classname="test_reports.pytest.test_iteration11.TestSealedProductsCRUD" name="test_get_nonexistent_product_returns_404" time="0.146" /><testcase classname="test_reports.pytest.test_iteration11.TestSealedProductsStats" name="test_stats_calculation" time="0.569" /><testcase classname="test_reports.pytest.test_iteration11.TestDeckBuilderCards" name="test_create_deck" time="0.439" /><testcase classname="test_reports.pytest.test_iteration11.TestDeckBuilderCards" name="test_add_cards_to_deck" time="0.313" /><testcase classname="test_reports.pytest.test_iteration11.TestDeckBuilderCards" name="test_add_sideboard_card" time="0.256" /><testcase classname="test_reports.pytest.test_iteration11.TestDeckBuilderCards" name="test_get_deck_with_cards" time="0.226" /><testcase classname="test_reports.pytest.test_iteration11.TestDeckBuilderCards" name="test_update_card_quantity" time="0.271" /><testcase classname="test_reports.pytest.test_iteration11.TestDeckBuilderCards" name="test_remove_card_from_deck" time="0.211" /><testcase classname="test_reports.pytest.test_iteration11.TestMarketplacePricePercentage" name="test_create_listing_with_price_percentage" time="0.793" /><testcase classname="test_reports.pytest.test_iteration11.TestMarketplacePricePercentage" name="test_create_listing_with_static_price" time="0.225" /><testcase classname="test_reports.pytest.test_iteration11.TestMarketplacePricePercentage" name="test_create_listing_without_price_fails" time="0.128" /><testcase classname="test_reports.pytest.test_iteration11.TestCleanup" name="test_cleanup_test_sealed_products" time="0.967" /><testcase classname="test_reports.pytest.test_iteration11.TestCleanup" name="test_cleanup_test_decks" time="0.610" /><testcase classname="test_reports.pytest.test_iteration11.TestCleanup" name="test_cleanup_test_listings" time="1.245" /></testsuite></testsuites>