<?xml version="1.0" encoding="utf-8"?><testsuites name="pytest tests"><testsuite name="pytest" errors="0" failures="0" skipped="0" tests="15" time="32.588" timestamp="2026-02-16T19:16:58.904681+00:00" hostname="agent-env-791e19c3-96bf-4223-9332-017663741a15"><testcase classname="test_reports.pytest.test_p1_features.TestCommunityDecksAPI" name="test_get_community_decks_no_auth" time="0.060" /><testcase classname="test_reports.pytest.test_p1_features.TestCommunityDecksAPI" name="test_get_community_decks_with_game_filter" time="0.057" /><testcase classname="test_reports.pytest.test_p1_features.TestCommunityDecksAPI" name="test_get_community_decks_with_format_filter" time="0.056" /><testcase classname="test_reports.pytest.test_p1_features.TestCommunityDecksAPI" name="test_get_community_decks_with_search" time="0.057" /><testcase classname="test_reports.pytest.test_p1_features.TestCommunityDecksAPI" name="test_get_community_decks_combined_filters" time="0.057" /><testcase classname="test_reports.pytest.test_p1_features.TestUserSearchAPI" name="test_user_search_authenticated" time="0.269" /><testcase classname="test_reports.pytest.test_p1_features.TestUserSearchAPI" name="test_user_search_unauthenticated" time="0.191" /><testcase classname="test_reports.pytest.test_p1_features.TestUserSearchAPI" name="test_user_search_short_query" time="0.250" /><testcase classname="test_reports.pytest.test_p1_features.TestUserCollectionAPI" name="test_get_user_collection_authenticated" time="0.404" /><testcase classname="test_reports.pytest.test_p1_features.TestUserCollectionAPI" name="test_get_user_collection_unauthenticated" time="0.193" /><testcase classname="test_reports.pytest.test_p1_features.TestSearchWithFilters" name="test_search_mtg_card" time="0.120" /><testcase classname="test_reports.pytest.test_p1_features.TestSearchWithFilters" name="test_search_pokemon_card" time="30.099" /><testcase classname="test_reports.pytest.test_p1_features.TestSearchWithFilters" name="test_search_with_set_code" time="0.162" /><testcase classname="test_reports.pytest.test_p1_features.TestDecksPageTabs" name="test_get_my_decks" time="0.252" /><testcase classname="test_reports.pytest.test_p1_features.TestDecksPageTabs" name="test_create_public_deck" time="0.309" /></testsuite></testsuites>