<?xml version="1.0" encoding="utf-8"?><testsuites name="pytest tests"><testsuite name="pytest" errors="0" failures="0" skipped="0" tests="14" time="1.833" timestamp="2026-02-17T14:04:40.685000+00:00" hostname="agent-env-74732f8c-89d7-4080-a51b-6e0c2dcab93a"><testcase classname="test_reports.pytest.test_iteration4.TestAuth" name="test_login" time="0.237" /><testcase classname="test_reports.pytest.test_iteration4.TestCSVImport" name="test_csv_preview_manabox_format" time="0.181" /><testcase classname="test_reports.pytest.test_iteration4.TestCSVImport" name="test_csv_preview_pokemon_export_format" time="0.038" /><testcase classname="test_reports.pytest.test_iteration4.TestCSVImport" name="test_csv_preview_sek_currency" time="0.038" /><testcase classname="test_reports.pytest.test_iteration4.TestMTGSearch" name="test_mtg_search_by_name" time="0.154" /><testcase classname="test_reports.pytest.test_iteration4.TestMTGSearch" name="test_mtg_search_caching_headers" time="0.072" /><testcase classname="test_reports.pytest.test_iteration4.TestCommunityPage" name="test_friends_list" time="0.277" /><testcase classname="test_reports.pytest.test_iteration4.TestCommunityPage" name="test_friend_requests" time="0.063" /><testcase classname="test_reports.pytest.test_iteration4.TestCommunityPage" name="test_groups_list" time="0.065" /><testcase classname="test_reports.pytest.test_iteration4.TestCommunityPage" name="test_user_search" time="0.070" /><testcase classname="test_reports.pytest.test_iteration4.TestAdminAPIs" name="test_admin_users_api" time="0.315" /><testcase classname="test_reports.pytest.test_iteration4.TestAdminAPIs" name="test_admin_stats_api" time="0.036" /><testcase classname="test_reports.pytest.test_iteration4.TestAPICache" name="test_cache_table_exists" time="0.080" /><testcase classname="test_reports.pytest.test_iteration4.TestSettingsPage" name="test_profile_update" time="0.147" /></testsuite></testsuites>