<?xml version="1.0" encoding="utf-8"?><testsuites name="pytest tests"><testsuite name="pytest" errors="0" failures="0" skipped="0" tests="17" time="7.135" timestamp="2026-02-21T18:16:09.744894+00:00" hostname="agent-env-50268608-9e50-4219-8524-a06de51eb66e"><testcase classname="test_reports.pytest.test_iteration14.TestAuth" name="test_login_returns_token" time="0.416" /><testcase classname="test_reports.pytest.test_iteration14.TestCollectionDeleteAPI" name="test_collection_delete_requires_auth" time="0.148" /><testcase classname="test_reports.pytest.test_iteration14.TestCollectionDeleteAPI" name="test_collection_delete_requires_id" time="0.421" /><testcase classname="test_reports.pytest.test_iteration14.TestCollectionDeleteAPI" name="test_collection_delete_returns_success" time="0.856" /><testcase classname="test_reports.pytest.test_iteration14.TestFeedAPIWithReactions" name="test_feed_returns_posts_with_reactions" time="0.614" /><testcase classname="test_reports.pytest.test_iteration14.TestFeedAPIWithReactions" name="test_feed_posts_have_name_field" time="0.732" /><testcase classname="test_reports.pytest.test_iteration14.TestFeedLikeAPI" name="test_like_requires_auth" time="0.196" /><testcase classname="test_reports.pytest.test_iteration14.TestFeedLikeAPI" name="test_like_toggle_works" time="0.663" /><testcase classname="test_reports.pytest.test_iteration14.TestFeedReactionsAPI" name="test_reactions_requires_auth" time="0.177" /><testcase classname="test_reports.pytest.test_iteration14.TestFeedReactionsAPI" name="test_reactions_requires_emoji" time="0.684" /><testcase classname="test_reports.pytest.test_iteration14.TestFeedReactionsAPI" name="test_reactions_add_emoji" time="0.720" /><testcase classname="test_reports.pytest.test_iteration14.TestShopAPI" name="test_shop_products_list" time="0.293" /><testcase classname="test_reports.pytest.test_iteration14.TestShopAPI" name="test_shop_products_have_image_field" time="0.239" /><testcase classname="test_reports.pytest.test_iteration14.TestShopAPI" name="test_shop_products_category_filter" time="0.241" /><testcase classname="test_reports.pytest.test_iteration14.TestMTGSearchScryfall" name="test_scryfall_search_partial_name" time="0.142" /><testcase classname="test_reports.pytest.test_iteration14.TestMTGSearchScryfall" name="test_scryfall_search_with_set" time="0.073" /><testcase classname="test_reports.pytest.test_iteration14.TestMarketplaceAPI" name="test_marketplace_listings" time="0.460" /></testsuite></testsuites>