<?xml version="1.0" encoding="utf-8"?><testsuites name="pytest tests"><testsuite name="pytest" errors="0" failures="1" skipped="0" tests="19" time="3.981" timestamp="2026-02-22T04:12:41.413868+00:00" hostname="agent-env-b1db3633-b73b-479e-928a-c6d72027d30e"><testcase classname="test_reports.pytest.test_iteration16.TestAuth" name="test_login_success" time="0.241" /><testcase classname="test_reports.pytest.test_iteration16.TestAuth" name="test_login_invalid_credentials" time="0.048" /><testcase classname="test_reports.pytest.test_iteration16.TestBadgeSystem" name="test_get_all_badges" time="0.013" /><testcase classname="test_reports.pytest.test_iteration16.TestBadgeSystem" name="test_get_user_badges" time="0.195" /><testcase classname="test_reports.pytest.test_iteration16.TestBadgeSystem" name="test_get_user_badges_without_userid" time="0.042" /><testcase classname="test_reports.pytest.test_iteration16.TestBadgeSystem" name="test_check_and_award_badges" time="0.446" /><testcase classname="test_reports.pytest.test_iteration16.TestBadgeSystem" name="test_check_badges_without_auth" time="0.008" /><testcase classname="test_reports.pytest.test_iteration16.TestUploadAPI" name="test_upload_image" time="0.687" /><testcase classname="test_reports.pytest.test_iteration16.TestUploadAPI" name="test_upload_without_auth" time="0.010" /><testcase classname="test_reports.pytest.test_iteration16.TestUploadAPI" name="test_upload_without_file" time="0.356"><failure message="assert 500 == 400&#10; +  where 500 = &lt;Response [500]&gt;.status_code">test_reports/pytest/test_iteration16.py:172: in test_upload_without_file
    assert response.status_code == 400
E   assert 500 == 400
E    +  where 500 = &lt;Response [500]&gt;.status_code</failure></testcase><testcase classname="test_reports.pytest.test_iteration16.TestBulkListingAPI" name="test_bulk_list_single_item" time="0.245" /><testcase classname="test_reports.pytest.test_iteration16.TestBulkListingAPI" name="test_bulk_list_multiple_items" time="0.268" /><testcase classname="test_reports.pytest.test_iteration16.TestBulkListingAPI" name="test_bulk_list_without_auth" time="0.014" /><testcase classname="test_reports.pytest.test_iteration16.TestBulkListingAPI" name="test_bulk_list_empty_array" time="0.199" /><testcase classname="test_reports.pytest.test_iteration16.TestBulkListingAPI" name="test_bulk_list_invalid_price" time="0.189" /><testcase classname="test_reports.pytest.test_iteration16.TestBulkListingAPI" name="test_bulk_list_missing_required_fields" time="0.189" /><testcase classname="test_reports.pytest.test_iteration16.TestMessagesAPI" name="test_get_conversations" time="0.221" /><testcase classname="test_reports.pytest.test_iteration16.TestMessagesAPI" name="test_get_conversations_without_auth" time="0.014" /><testcase classname="test_reports.pytest.test_iteration16.TestUsersSearchAPI" name="test_search_users" time="0.216" /></testsuite></testsuites>