<?xml version="1.0" encoding="utf-8"?><testsuites name="pytest tests"><testsuite name="pytest" errors="0" failures="0" skipped="0" tests="14" time="6.961" timestamp="2026-02-21T23:09:18.582232+00:00" hostname="agent-env-6c5f77cd-1782-48ae-9f4f-d35f11d27809"><testcase classname="test_reports.pytest.test_iteration15.TestAuth" name="test_login_returns_token" time="0.304" /><testcase classname="test_reports.pytest.test_iteration15.TestGroupsAPI" name="test_groups_api_returns_groups_field" time="0.501" /><testcase classname="test_reports.pytest.test_iteration15.TestGroupsAPI" name="test_discover_groups" time="0.196" /><testcase classname="test_reports.pytest.test_iteration15.TestFeedWithGroups" name="test_feed_groups_tab" time="0.596" /><testcase classname="test_reports.pytest.test_iteration15.TestFeedWithGroups" name="test_feed_public_tab" time="0.316" /><testcase classname="test_reports.pytest.test_iteration15.TestFeedWithGroups" name="test_feed_friends_tab" time="0.211" /><testcase classname="test_reports.pytest.test_iteration15.TestFeedWithGroups" name="test_create_post_with_group_id" time="0.425" /><testcase classname="test_reports.pytest.test_iteration15.TestFeedWithGroups" name="test_create_post_with_groupId_camelcase" time="0.432" /><testcase classname="test_reports.pytest.test_iteration15.TestDecksAPI" name="test_get_my_decks" time="0.488" /><testcase classname="test_reports.pytest.test_iteration15.TestDecksAPI" name="test_get_community_decks" time="0.212" /><testcase classname="test_reports.pytest.test_iteration15.TestDecksAPI" name="test_create_deck" time="0.189" /><testcase classname="test_reports.pytest.test_iteration15.TestDecksAPI" name="test_copy_deck_api" time="0.772" /><testcase classname="test_reports.pytest.test_iteration15.TestFeedReactions" name="test_feed_posts_include_reactions" time="0.517" /><testcase classname="test_reports.pytest.test_iteration15.TestCleanup" name="test_cleanup_test_decks" time="1.744" /></testsuite></testsuites>