<?xml version="1.0" encoding="utf-8"?><testsuites name="pytest tests"><testsuite name="pytest" errors="0" failures="0" skipped="1" tests="10" time="1.940" timestamp="2026-02-17T14:43:32.817148+00:00" hostname="agent-env-74732f8c-89d7-4080-a51b-6e0c2dcab93a"><testcase classname="test_reports.pytest.test_iteration6.TestMessagesTimestamps" name="test_conversations_have_timestamps" time="0.209" /><testcase classname="test_reports.pytest.test_iteration6.TestMessagesTimestamps" name="test_messages_have_created_at_timestamp" time="0.064"><skipped type="pytest.skip" message="No conversations found to test message timestamps">/app/test_reports/pytest/test_iteration6.py:68: No conversations found to test message timestamps</skipped></testcase><testcase classname="test_reports.pytest.test_iteration6.TestSearchGameFilter" name="test_search_mtg_returns_only_mtg" time="0.122" /><testcase classname="test_reports.pytest.test_iteration6.TestSearchGameFilter" name="test_search_pokemon_returns_only_pokemon" time="0.252" /><testcase classname="test_reports.pytest.test_iteration6.TestSearchGameFilter" name="test_search_all_returns_both_games" time="0.497" /><testcase classname="test_reports.pytest.test_iteration6.TestCSVImport" name="test_csv_preview_manabox_format" time="0.181" /><testcase classname="test_reports.pytest.test_iteration6.TestCSVImport" name="test_csv_preview_pokemon_format" time="0.036" /><testcase classname="test_reports.pytest.test_iteration6.TestMTGCardSearch" name="test_mtg_search_by_name" time="0.151" /><testcase classname="test_reports.pytest.test_iteration6.TestMTGCardSearch" name="test_mtg_search_by_set_and_number" time="0.159" /><testcase classname="test_reports.pytest.test_iteration6.TestMessagesFormatting" name="test_messages_api_returns_timestamp_fields" time="0.203" /></testsuite></testsuites>