<?xml version="1.0" encoding="utf-8"?><testsuites name="pytest tests"><testsuite name="pytest" errors="0" failures="1" skipped="0" tests="20" time="5.506" timestamp="2026-02-17T14:25:28.758613+00:00" hostname="agent-env-74732f8c-89d7-4080-a51b-6e0c2dcab93a"><testcase classname="test_reports.pytest.test_iteration5.TestAuth" name="test_auth_me" time="0.184" /><testcase classname="test_reports.pytest.test_iteration5.TestCSVImportPreview" name="test_manabox_format_detection" time="0.178" /><testcase classname="test_reports.pytest.test_iteration5.TestCSVImportPreview" name="test_pokemon_format_detection" time="0.039" /><testcase classname="test_reports.pytest.test_iteration5.TestCSVImportPreview" name="test_currency_preserved_eur" time="0.038" /><testcase classname="test_reports.pytest.test_iteration5.TestCSVImportPreview" name="test_currency_preserved_sek" time="0.037" /><testcase classname="test_reports.pytest.test_iteration5.TestCSVImportActual" name="test_import_inserts_card_into_database" time="0.615" /><testcase classname="test_reports.pytest.test_iteration5.TestCSVImportActual" name="test_import_multiple_cards" time="0.570" /><testcase classname="test_reports.pytest.test_iteration5.TestSearchAPIUsersPostsDecks" name="test_search_returns_users" time="0.357" /><testcase classname="test_reports.pytest.test_iteration5.TestSearchAPIUsersPostsDecks" name="test_search_returns_decks" time="0.198" /><testcase classname="test_reports.pytest.test_iteration5.TestSearchAPIUsersPostsDecks" name="test_search_returns_posts" time="0.182" /><testcase classname="test_reports.pytest.test_iteration5.TestSearchAPIUsersPostsDecks" name="test_search_all_types_combined" time="1.028" /><testcase classname="test_reports.pytest.test_iteration5.TestSearchAPIGameFilter" name="test_mtg_search_only_returns_mtg" time="0.046" /><testcase classname="test_reports.pytest.test_iteration5.TestSearchAPIGameFilter" name="test_pokemon_search_only_returns_pokemon" time="0.119" /><testcase classname="test_reports.pytest.test_iteration5.TestSearchAPIGameFilter" name="test_all_game_search_returns_both" time="0.669" /><testcase classname="test_reports.pytest.test_iteration5.TestMessengerJSONParsing" name="test_messages_api_returns_json" time="0.205" /><testcase classname="test_reports.pytest.test_iteration5.TestMessengerJSONParsing" name="test_calls_api_returns_json" time="0.153" /><testcase classname="test_reports.pytest.test_iteration5.TestMessengerJSONParsing" name="test_calls_preview_mode_returns_json" time="0.151" /><testcase classname="test_reports.pytest.test_iteration5.TestCollectionMTGSearch" name="test_mtg_cards_api_exists" time="0.158" /><testcase classname="test_reports.pytest.test_iteration5.TestCollectionMTGSearch" name="test_pokemon_cards_api_exists" time="0.155"><failure message="assert 404 == 200&#10; +  where 404 = &lt;Response [404]&gt;.status_code">test_reports/pytest/test_iteration5.py:352: in test_pokemon_cards_api_exists
    assert resp.status_code == 200
E   assert 404 == 200
E    +  where 404 = &lt;Response [404]&gt;.status_code</failure></testcase><testcase classname="test_reports.pytest.test_iteration5.TestCleanup" name="test_cleanup_test_cards" time="0.289" /></testsuite></testsuites>