<?xml version="1.0" encoding="utf-8"?><testsuites name="pytest tests"><testsuite name="pytest" errors="0" failures="3" skipped="0" tests="16" time="5.107" timestamp="2026-02-17T19:44:19.490852+00:00" hostname="agent-env-4700c588-9ed0-4ff9-8593-08498d33d4d8"><testcase classname="test_reports.pytest.test_iteration7.TestAuthentication" name="test_login" time="0.363" /><testcase classname="test_reports.pytest.test_iteration7.TestBulkListAPI" name="test_bulk_list_endpoint_exists" time="0.244" /><testcase classname="test_reports.pytest.test_iteration7.TestBulkListAPI" name="test_bulk_list_requires_valid_listings" time="0.275" /><testcase classname="test_reports.pytest.test_iteration7.TestCSVImportAPI" name="test_csv_import_preview_mtg" time="0.287"><failure message="assert 500 == 200&#10; +  where 500 = &lt;Response [500]&gt;.status_code">test_reports/pytest/test_iteration7.py:109: in test_csv_import_preview_mtg
    assert response.status_code == 200
E   assert 500 == 200
E    +  where 500 = &lt;Response [500]&gt;.status_code</failure></testcase><testcase classname="test_reports.pytest.test_iteration7.TestCSVImportAPI" name="test_csv_import_preview_pokemon" time="0.189"><failure message="assert 500 == 200&#10; +  where 500 = &lt;Response [500]&gt;.status_code">test_reports/pytest/test_iteration7.py:130: in test_csv_import_preview_pokemon
    assert response.status_code == 200
E   assert 500 == 200
E    +  where 500 = &lt;Response [500]&gt;.status_code</failure></testcase><testcase classname="test_reports.pytest.test_iteration7.TestTradesAPI" name="test_trades_list_endpoint" time="0.274" /><testcase classname="test_reports.pytest.test_iteration7.TestProfileAPI" name="test_profile_stats_endpoint" time="0.358" /><testcase classname="test_reports.pytest.test_iteration7.TestProfileAPI" name="test_auth_me_returns_created_at" time="0.181"><failure message="AssertionError: User should have created_at field for member since date&#10;assert 'created_at' in {'email': 'test@test.com', 'email_verified': False, 'is_admin': False, 'name': 'Test User', ...}">test_reports/pytest/test_iteration7.py:195: in test_auth_me_returns_created_at
    assert 'created_at' in user, "User should have created_at field for member since date"
E   AssertionError: User should have created_at field for member since date
E   assert 'created_at' in {'email': 'test@test.com', 'email_verified': False, 'is_admin': False, 'name': 'Test User', ...}</failure></testcase><testcase classname="test_reports.pytest.test_iteration7.TestProfileAPI" name="test_collection_endpoint" time="0.336" /><testcase classname="test_reports.pytest.test_iteration7.TestProfileAPI" name="test_my_listings_endpoint" time="0.534" /><testcase classname="test_reports.pytest.test_iteration7.TestShopAPI" name="test_shop_endpoint" time="0.102" /><testcase classname="test_reports.pytest.test_iteration7.TestFeedAPI" name="test_feed_endpoint" time="0.249" /><testcase classname="test_reports.pytest.test_iteration7.TestFeedAPI" name="test_post_reactions_endpoint" time="0.833" /><testcase classname="test_reports.pytest.test_iteration7.TestMessagesAPI" name="test_conversations_endpoint" time="0.258" /><testcase classname="test_reports.pytest.test_iteration7.TestDecksAPI" name="test_my_decks_endpoint" time="0.255" /><testcase classname="test_reports.pytest.test_iteration7.TestDecksAPI" name="test_community_decks_endpoint" time="0.211" /></testsuite></testsuites>