<?xml version="1.0" encoding="utf-8"?><testsuites name="pytest tests"><testsuite name="pytest" errors="0" failures="1" skipped="0" tests="17" time="4.690" timestamp="2026-02-16T18:25:42.004184+00:00" hostname="agent-env-791e19c3-96bf-4223-9332-017663741a15"><testcase classname="test_reports.pytest.test_backend_apis.TestHealthCheck" name="test_health_endpoint" time="0.003" /><testcase classname="test_reports.pytest.test_backend_apis.TestAuthentication" name="test_signup_new_user" time="0.477" /><testcase classname="test_reports.pytest.test_backend_apis.TestAuthentication" name="test_login_user" time="0.212" /><testcase classname="test_reports.pytest.test_backend_apis.TestAuthentication" name="test_get_current_user" time="0.238" /><testcase classname="test_reports.pytest.test_backend_apis.TestAuthentication" name="test_login_invalid_credentials" time="0.058" /><testcase classname="test_reports.pytest.test_backend_apis.TestDecksAPI" name="test_get_decks_list" time="0.412" /><testcase classname="test_reports.pytest.test_backend_apis.TestDecksAPI" name="test_create_deck" time="0.337" /><testcase classname="test_reports.pytest.test_backend_apis.TestDecksAPI" name="test_create_deck_missing_fields" time="0.230" /><testcase classname="test_reports.pytest.test_backend_apis.TestTradesAPI" name="test_get_trades_list" time="0.490"><failure message="assert 500 == 200&#10; +  where 500 = &lt;Response [500]&gt;.status_code">test_reports/pytest/test_backend_apis.py:199: in test_get_trades_list
    assert response.status_code == 200
E   assert 500 == 200
E    +  where 500 = &lt;Response [500]&gt;.status_code</failure></testcase><testcase classname="test_reports.pytest.test_backend_apis.TestTradesAPI" name="test_create_trade_missing_recipient" time="0.223" /><testcase classname="test_reports.pytest.test_backend_apis.TestCallsAPI" name="test_get_signals_authenticated" time="0.316" /><testcase classname="test_reports.pytest.test_backend_apis.TestCallsAPI" name="test_get_signals_unauthenticated" time="0.188" /><testcase classname="test_reports.pytest.test_backend_apis.TestCallsAPI" name="test_post_signal" time="0.222" /><testcase classname="test_reports.pytest.test_backend_apis.TestCallsAPI" name="test_post_signal_missing_fields" time="0.222" /><testcase classname="test_reports.pytest.test_backend_apis.TestCallsAPI" name="test_delete_call_signals" time="0.218" /><testcase classname="test_reports.pytest.test_backend_apis.TestCollectionAPI" name="test_get_collection" time="0.350" /><testcase classname="test_reports.pytest.test_backend_apis.TestMessagesAPI" name="test_get_conversations" time="0.344" /></testsuite></testsuites>