<?xml version="1.0" encoding="utf-8"?><testsuites name="pytest tests"><testsuite name="pytest" errors="0" failures="0" skipped="0" tests="13" time="2.850" timestamp="2026-02-22T12:25:59.641417+00:00" hostname="agent-env-b1db3633-b73b-479e-928a-c6d72027d30e"><testcase classname="test_reports.pytest.test_iteration19_referral.TestBadgeDefinitions" name="test_badges_all_returns_success" time="0.017" /><testcase classname="test_reports.pytest.test_iteration19_referral.TestBadgeDefinitions" name="test_badges_all_includes_recruiter_badge" time="0.009" /><testcase classname="test_reports.pytest.test_iteration19_referral.TestReferralAPI" name="test_referral_get_unauthenticated" time="0.011" /><testcase classname="test_reports.pytest.test_iteration19_referral.TestReferralAPI" name="test_referral_get_authenticated" time="0.370" /><testcase classname="test_reports.pytest.test_iteration19_referral.TestReferralAPI" name="test_referral_post_sets_custom_code" time="0.444" /><testcase classname="test_reports.pytest.test_iteration19_referral.TestReferralAPI" name="test_referral_post_rejects_short_code" time="0.183" /><testcase classname="test_reports.pytest.test_iteration19_referral.TestReferralAPI" name="test_referral_post_rejects_special_chars" time="0.188" /><testcase classname="test_reports.pytest.test_iteration19_referral.TestReferralAPI" name="test_referral_post_allows_valid_codes" time="0.562" /><testcase classname="test_reports.pytest.test_iteration19_referral.TestInviteValidation" name="test_invite_valid_code_returns_inviter" time="0.116" /><testcase classname="test_reports.pytest.test_iteration19_referral.TestInviteValidation" name="test_invite_invalid_code_returns_404" time="0.041" /><testcase classname="test_reports.pytest.test_iteration19_referral.TestProfileWithInviteCode" name="test_profile_includes_invite_fields" time="0.216" /><testcase classname="test_reports.pytest.test_iteration19_referral.TestSignupWithInviteCode" name="test_signup_accepts_invite_code_parameter" time="0.281" /><testcase classname="test_reports.pytest.test_iteration19_referral.TestDuplicateInviteCode" name="test_cannot_use_existing_invite_code" time="0.349" /></testsuite></testsuites>