<?xml version="1.0" encoding="utf-8"?><testsuites name="pytest tests"><testsuite name="pytest" errors="0" failures="1" skipped="0" tests="19" time="5.960" timestamp="2026-02-22T04:36:23.153808+00:00" hostname="agent-env-b1db3633-b73b-479e-928a-c6d72027d30e"><testcase classname="test_iteration17.TestAuth" name="test_login_success" time="0.377" /><testcase classname="test_iteration17.TestAuth" name="test_login_invalid_credentials" time="0.048" /><testcase classname="test_iteration17.TestFeedAPIBadgeShowcase" name="test_public_feed_returns_badge_count_and_top_badge" time="0.444" /><testcase classname="test_iteration17.TestFeedAPIBadgeShowcase" name="test_friends_feed_returns_badge_count_and_top_badge" time="0.260" /><testcase classname="test_iteration17.TestFeedAPIBadgeShowcase" name="test_groups_feed_returns_badge_count_and_top_badge" time="0.316" /><testcase classname="test_iteration17.TestFeedAPIBadgeShowcase" name="test_feed_without_auth" time="0.020" /><testcase classname="test_iteration17.TestFeedAPIBadgeShowcase" name="test_create_post_and_verify_in_feed" time="0.423" /><testcase classname="test_iteration17.TestBadgeSystem" name="test_get_all_badges" time="0.019" /><testcase classname="test_iteration17.TestBadgeSystem" name="test_get_user_badges" time="0.209" /><testcase classname="test_iteration17.TestBadgeSystem" name="test_get_user_badges_without_userid" time="0.018" /><testcase classname="test_iteration17.TestBadgeSystem" name="test_check_and_award_badges" time="0.401" /><testcase classname="test_iteration17.TestBadgeSystem" name="test_check_badges_without_auth" time="0.007" /><testcase classname="test_iteration17.TestUploadAPI" name="test_upload_image" time="2.264" /><testcase classname="test_iteration17.TestUploadAPI" name="test_upload_without_auth" time="0.011" /><testcase classname="test_iteration17.TestUploadAPI" name="test_upload_without_file_returns_400" time="0.195" /><testcase classname="test_iteration17.TestDecksAPI" name="test_get_user_decks" time="0.220" /><testcase classname="test_iteration17.TestDecksAPI" name="test_get_community_decks" time="0.224" /><testcase classname="test_iteration17.TestDecksAPI" name="test_decks_without_auth" time="0.011" /><testcase classname="test_iteration17.TestProfileBadges" name="test_profile_stats" time="0.174"><failure message="assert 401 == 200&#10; +  where 401 = &lt;Response [401]&gt;.status_code">test_iteration17.py:352: in test_profile_stats
    assert response.status_code == 200
E   assert 401 == 200
E    +  where 401 = &lt;Response [401]&gt;.status_code</failure></testcase></testsuite></testsuites>