<?xml version="1.0" encoding="utf-8"?><testsuites name="pytest tests"><testsuite name="pytest" errors="0" failures="0" skipped="0" tests="20" time="4.762" timestamp="2026-02-17T14:26:12.760010+00:00" hostname="agent-env-74732f8c-89d7-4080-a51b-6e0c2dcab93a"><testcase classname="test_reports.pytest.test_iteration5.TestAuth" name="test_auth_me" time="0.180" /><testcase classname="test_reports.pytest.test_iteration5.TestCSVImportPreview" name="test_manabox_format_detection" time="0.180" /><testcase classname="test_reports.pytest.test_iteration5.TestCSVImportPreview" name="test_pokemon_format_detection" time="0.038" /><testcase classname="test_reports.pytest.test_iteration5.TestCSVImportPreview" name="test_currency_preserved_eur" time="0.038" /><testcase classname="test_reports.pytest.test_iteration5.TestCSVImportPreview" name="test_currency_preserved_sek" time="0.037" /><testcase classname="test_reports.pytest.test_iteration5.TestCSVImportActual" name="test_import_inserts_card_into_database" time="0.676" /><testcase classname="test_reports.pytest.test_iteration5.TestCSVImportActual" name="test_import_multiple_cards" time="0.581" /><testcase classname="test_reports.pytest.test_iteration5.TestSearchAPIUsersPostsDecks" name="test_search_returns_users" time="0.338" /><testcase classname="test_reports.pytest.test_iteration5.TestSearchAPIUsersPostsDecks" name="test_search_returns_decks" time="0.233" /><testcase classname="test_reports.pytest.test_iteration5.TestSearchAPIUsersPostsDecks" name="test_search_returns_posts" time="0.201" /><testcase classname="test_reports.pytest.test_iteration5.TestSearchAPIUsersPostsDecks" name="test_search_all_types_combined" time="0.777" /><testcase classname="test_reports.pytest.test_iteration5.TestSearchAPIGameFilter" name="test_mtg_search_only_returns_mtg" time="0.051" /><testcase classname="test_reports.pytest.test_iteration5.TestSearchAPIGameFilter" name="test_pokemon_search_only_returns_pokemon" time="0.120" /><testcase classname="test_reports.pytest.test_iteration5.TestSearchAPIGameFilter" name="test_all_game_search_returns_both" time="0.137" /><testcase classname="test_reports.pytest.test_iteration5.TestMessengerJSONParsing" name="test_messages_api_returns_json" time="0.208" /><testcase classname="test_reports.pytest.test_iteration5.TestMessengerJSONParsing" name="test_calls_api_returns_json" time="0.152" /><testcase classname="test_reports.pytest.test_iteration5.TestMessengerJSONParsing" name="test_calls_preview_mode_returns_json" time="0.153" /><testcase classname="test_reports.pytest.test_iteration5.TestCollectionMTGSearch" name="test_mtg_cards_api_exists" time="0.153" /><testcase classname="test_reports.pytest.test_iteration5.TestCollectionMTGSearch" name="test_pokemon_search_via_main_search_api" time="0.133" /><testcase classname="test_reports.pytest.test_iteration5.TestCleanup" name="test_cleanup_test_cards" time="0.289" /></testsuite></testsuites>