<?xml version="1.0" encoding="utf-8"?><testsuites name="pytest tests"><testsuite name="pytest" errors="0" failures="0" skipped="0" tests="15" time="4.459" timestamp="2026-02-16T20:02:40.184312+00:00" hostname="agent-env-d876bd05-8153-49b4-aeeb-a1a8d114cf4a"><testcase classname="test_reports.pytest.test_feed_features.TestComments" name="test_get_comments_for_post" time="0.466" /><testcase classname="test_reports.pytest.test_feed_features.TestComments" name="test_create_comment" time="0.400" /><testcase classname="test_reports.pytest.test_feed_features.TestComments" name="test_create_reply_to_comment" time="0.442" /><testcase classname="test_reports.pytest.test_feed_features.TestComments" name="test_create_comment_missing_content" time="0.181" /><testcase classname="test_reports.pytest.test_feed_features.TestPostReactions" name="test_get_post_reactions" time="0.280" /><testcase classname="test_reports.pytest.test_feed_features.TestPostReactions" name="test_add_emoji_reaction_to_post" time="0.270" /><testcase classname="test_reports.pytest.test_feed_features.TestPostReactions" name="test_add_fire_emoji_reaction" time="0.340" /><testcase classname="test_reports.pytest.test_feed_features.TestPostReactions" name="test_add_heart_emoji_reaction" time="0.269" /><testcase classname="test_reports.pytest.test_feed_features.TestPostReactions" name="test_add_reaction_missing_emoji" time="0.212" /><testcase classname="test_reports.pytest.test_feed_features.TestCommentReactions" name="test_add_emoji_reaction_to_comment" time="0.317" /><testcase classname="test_reports.pytest.test_feed_features.TestCommentReactions" name="test_add_reaction_missing_emoji" time="0.179" /><testcase classname="test_reports.pytest.test_feed_features.TestCommentReactions" name="test_comment_reactions_returned_in_comments" time="0.465" /><testcase classname="test_reports.pytest.test_feed_features.TestShopPage" name="test_shop_page_loads" time="0.167" /><testcase classname="test_reports.pytest.test_feed_features.TestAboutPage" name="test_about_page_loads" time="0.169" /><testcase classname="test_reports.pytest.test_feed_features.TestAboutPage" name="test_about_page_no_andrew" time="0.168" /></testsuite></testsuites>