<?xml version="1.0" encoding="utf-8"?><testsuites name="pytest tests"><testsuite name="pytest" errors="0" failures="0" skipped="0" tests="17" time="7.448" timestamp="2026-02-19T19:26:35.632972+00:00" hostname="agent-env-0692a119-bd6c-4c75-8278-f8e0bbe23876"><testcase classname="test_reports.pytest.test_iteration10.TestAuthentication" name="test_login" time="0.536" /><testcase classname="test_reports.pytest.test_iteration10.TestMarketplaceDelete" name="test_create_and_delete_listing" time="0.945" /><testcase classname="test_reports.pytest.test_iteration10.TestMarketplaceDelete" name="test_delete_nonexistent_listing_returns_404" time="0.174" /><testcase classname="test_reports.pytest.test_iteration10.TestWishlistsCRUD" name="test_create_wishlist" time="0.524" /><testcase classname="test_reports.pytest.test_iteration10.TestWishlistsCRUD" name="test_get_user_wishlists" time="0.158" /><testcase classname="test_reports.pytest.test_iteration10.TestWishlistsCRUD" name="test_get_public_wishlists" time="0.190" /><testcase classname="test_reports.pytest.test_iteration10.TestWishlistsCRUD" name="test_wishlist_crud_full_cycle" time="1.941" /><testcase classname="test_reports.pytest.test_iteration10.TestTradeRatingsAPI" name="test_get_user_ratings_empty" time="0.467" /><testcase classname="test_reports.pytest.test_iteration10.TestTradeRatingsAPI" name="test_get_user_ratings_endpoint_structure" time="0.369" /><testcase classname="test_reports.pytest.test_iteration10.TestTradeRatingsAPI" name="test_post_rating_requires_trade_id" time="0.132" /><testcase classname="test_reports.pytest.test_iteration10.TestTradeRatingsAPI" name="test_post_rating_validates_rating_range" time="0.128" /><testcase classname="test_reports.pytest.test_iteration10.TestUserReputationAPI" name="test_get_reputation_without_auth" time="0.248" /><testcase classname="test_reports.pytest.test_iteration10.TestUserReputationAPI" name="test_reputation_stats_structure" time="0.220" /><testcase classname="test_reports.pytest.test_iteration10.TestCSVImport" name="test_csv_preview_mtg" time="0.445" /><testcase classname="test_reports.pytest.test_iteration10.TestCSVImport" name="test_csv_preview_pokemon" time="0.120" /><testcase classname="test_reports.pytest.test_iteration10.TestCSVImport" name="test_csv_import_mtg" time="0.536" /><testcase classname="test_reports.pytest.test_iteration10.TestCSVImport" name="test_csv_requires_content" time="0.163" /></testsuite></testsuites>